[2019-11-22 14:02:07.109] [sharedprocess] [info] main {"machineId":"88a2c4e013f8b660742c97b0fb3f14fd9cc04e06f87e2bcf36a7f511c38d4d11","windowId":2}
[2019-11-22 14:02:07.417] [sharedprocess] [info] Deleted from disk knisterpeter.vscode-github /home/star/.vscode-oss/extensions/knisterpeter.vscode-github-0.30.2
[2019-11-22 14:02:07.418] [sharedprocess] [info] Deleted from disk ms-vscode.cpptools /home/star/.vscode-oss/extensions/ms-vscode.cpptools-0.26.0
[2019-11-22 14:02:07.464] [sharedprocess] [info] Deleted from disk ms-python.python /home/star/.vscode-oss/extensions/ms-python.python-2019.10.41019
[2019-11-22 14:02:09.158] [sharedprocess] [info] Installing extension: formulahendry.code-runner
[2019-11-22 14:02:09.158] [sharedprocess] [info] Installing extension: icrawl.discord-vscode
[2019-11-22 14:02:09.158] [sharedprocess] [info] Installing extension: ms-python.python
[2019-11-22 14:02:10.028] [sharedprocess] [info] Downloaded extension: icrawl.discord-vscode /tmp/7caa9da2-d187-477e-87b2-c6d0d730d1b3
[2019-11-22 14:02:10.059] [sharedprocess] [info] Extracted extension to /home/star/.vscode-oss/extensions/.icrawl.discord-vscode-3.13.0: icrawl.discord-vscode
[2019-11-22 14:02:10.059] [sharedprocess] [info] Renamed to /home/star/.vscode-oss/extensions/icrawl.discord-vscode-3.13.0
[2019-11-22 14:02:10.060] [sharedprocess] [info] Installation completed. icrawl.discord-vscode
[2019-11-22 14:02:10.100] [sharedprocess] [info] Downloaded extension: formulahendry.code-runner /tmp/99a479af-105a-45a8-8da1-1d6246314b9f
[2019-11-22 14:02:10.136] [sharedprocess] [info] Extensions installed successfully: icrawl.discord-vscode
[2019-11-22 14:02:10.256] [sharedprocess] [info] Extracted extension to /home/star/.vscode-oss/extensions/.formulahendry.code-runner-0.9.15: formulahendry.code-runner
[2019-11-22 14:02:10.256] [sharedprocess] [info] Renamed to /home/star/.vscode-oss/extensions/formulahendry.code-runner-0.9.15
[2019-11-22 14:02:10.256] [sharedprocess] [info] Installation completed. formulahendry.code-runner
[2019-11-22 14:02:10.260] [sharedprocess] [info] Extensions installed successfully: formulahendry.code-runner
[2019-11-22 14:02:21.916] [sharedprocess] [info] Downloaded extension: ms-python.python /tmp/4c614956-ef89-498c-97b6-9f9d8567b78c
[2019-11-22 14:02:24.050] [sharedprocess] [info] Extracted extension to /home/star/.vscode-oss/extensions/.ms-python.python-2019.11.50794: ms-python.python
[2019-11-22 14:02:24.051] [sharedprocess] [info] Renamed to /home/star/.vscode-oss/extensions/ms-python.python-2019.11.50794
[2019-11-22 14:02:24.054] [sharedprocess] [info] Installation completed. ms-python.python
[2019-11-22 14:02:24.066] [sharedprocess] [info] Extensions installed successfully: ms-python.python
[2019-11-22 14:02:31.740] [sharedprocess] [info] Installing the extension: ms-vscode.cpptools
[2019-11-22 14:02:32.902] [sharedprocess] [info] Extracted extension to /home/star/.vscode-oss/extensions/.ms-vscode.cpptools-0.26.2-insiders2: ms-vscode.cpptools
[2019-11-22 14:02:32.902] [sharedprocess] [info] Renamed to /home/star/.vscode-oss/extensions/ms-vscode.cpptools-0.26.2-insiders2
[2019-11-22 14:02:32.905] [sharedprocess] [info] Installation completed. ms-vscode.cpptools
[2019-11-22 14:02:32.910] [sharedprocess] [info] Successfully installed the extension: ms-vscode.cpptools
[2019-11-22 14:02:47.117] [sharedprocess] [info] Starting to clean up unused language packs.
