[2019-11-26 11:19:53.250] [exthost] [info] extension host started
[2019-11-26 11:19:53.273] [exthost] [info] ExtensionService#_doActivateExtension vscode.python {"startup":false,"extensionId":{"value":"vscode.python","_lower":"vscode.python"},"activationEvent":"onLanguage:python"}
[2019-11-26 11:19:53.274] [exthost] [info] ExtensionService#loadCommonJSModule file:///usr/lib/code/extensions/python/dist/pythonMain
[2019-11-26 11:19:53.278] [exthost] [info] ExtensionService#_doActivateExtension ms-python.python {"startup":false,"extensionId":{"value":"ms-python.python","_lower":"ms-python.python"},"activationEvent":"onLanguage:python"}
[2019-11-26 11:19:53.278] [exthost] [info] ExtensionService#loadCommonJSModule file:///home/star/.vscode-oss/extensions/ms-python.python-2019.11.50794/out/client/extension
[2019-11-26 11:19:53.354] [exthost] [info] ExtensionService#_doActivateExtension vscode.debug-auto-launch {"startup":true,"extensionId":{"value":"vscode.debug-auto-launch","_lower":"vscode.debug-auto-launch"},"activationEvent":"*"}
[2019-11-26 11:19:53.354] [exthost] [info] ExtensionService#loadCommonJSModule file:///usr/lib/code/extensions/debug-auto-launch/dist/extension
[2019-11-26 11:19:53.357] [exthost] [info] ExtensionService#_doActivateExtension vscode.emmet {"startup":true,"extensionId":{"value":"vscode.emmet","_lower":"vscode.emmet"},"activationEvent":"*"}
[2019-11-26 11:19:53.357] [exthost] [info] ExtensionService#loadCommonJSModule file:///usr/lib/code/extensions/emmet/dist/extension
[2019-11-26 11:19:53.364] [exthost] [info] ExtensionService#_doActivateExtension vscode.git {"startup":true,"extensionId":{"value":"vscode.git","_lower":"vscode.git"},"activationEvent":"*"}
[2019-11-26 11:19:53.364] [exthost] [info] ExtensionService#loadCommonJSModule file:///usr/lib/code/extensions/git/dist/main
[2019-11-26 11:19:53.375] [exthost] [info] ExtensionService#_doActivateExtension vscode.merge-conflict {"startup":true,"extensionId":{"value":"vscode.merge-conflict","_lower":"vscode.merge-conflict"},"activationEvent":"*"}
[2019-11-26 11:19:53.375] [exthost] [info] ExtensionService#loadCommonJSModule file:///usr/lib/code/extensions/merge-conflict/dist/extension
[2019-11-26 11:19:53.379] [exthost] [info] ExtensionService#_doActivateExtension icrawl.discord-vscode {"startup":true,"extensionId":{"value":"icrawl.discord-vscode","_lower":"icrawl.discord-vscode"},"activationEvent":"*"}
[2019-11-26 11:19:53.379] [exthost] [info] ExtensionService#loadCommonJSModule file:///home/star/.vscode-oss/extensions/icrawl.discord-vscode-3.13.0/dist/extension
[2019-11-26 11:19:53.384] [exthost] [info] ExtensionService#_doActivateExtension KnisterPeter.vscode-github {"startup":true,"extensionId":{"value":"KnisterPeter.vscode-github","_lower":"knisterpeter.vscode-github"},"activationEvent":"*"}
[2019-11-26 11:19:53.384] [exthost] [info] ExtensionService#loadCommonJSModule file:///home/star/.vscode-oss/extensions/knisterpeter.vscode-github-0.30.3/out/src/main
[2019-11-26 11:19:53.590] [exthost] [info] eager extensions activated
[2019-11-26 11:20:08.342] [exthost] [info] ExtensionService#_doActivateExtension formulahendry.code-runner {"startup":false,"extensionId":{"value":"formulahendry.code-runner","_lower":"formulahendry.code-runner"},"activationEvent":"onCommand:code-runner.run"}
[2019-11-26 11:20:08.342] [exthost] [info] ExtensionService#loadCommonJSModule file:///home/star/.vscode-oss/extensions/formulahendry.code-runner-0.9.15/out/src/extension
[2019-11-26 11:22:33.187] [exthost] [info] extension host started
[2019-11-26 11:22:33.208] [exthost] [info] ExtensionService#_doActivateExtension vscode.python {"startup":false,"extensionId":{"value":"vscode.python","_lower":"vscode.python"},"activationEvent":"onLanguage:python"}
[2019-11-26 11:22:33.208] [exthost] [info] ExtensionService#loadCommonJSModule file:///usr/lib/code/extensions/python/dist/pythonMain
[2019-11-26 11:22:33.210] [exthost] [info] ExtensionService#_doActivateExtension ms-python.python {"startup":false,"extensionId":{"value":"ms-python.python","_lower":"ms-python.python"},"activationEvent":"onLanguage:python"}
[2019-11-26 11:22:33.210] [exthost] [info] ExtensionService#loadCommonJSModule file:///home/star/.vscode-oss/extensions/ms-python.python-2019.11.50794/out/client/extension
[2019-11-26 11:22:33.281] [exthost] [info] ExtensionService#_doActivateExtension vscode.debug-auto-launch {"startup":true,"extensionId":{"value":"vscode.debug-auto-launch","_lower":"vscode.debug-auto-launch"},"activationEvent":"*"}
[2019-11-26 11:22:33.281] [exthost] [info] ExtensionService#loadCommonJSModule file:///usr/lib/code/extensions/debug-auto-launch/dist/extension
[2019-11-26 11:22:33.282] [exthost] [info] ExtensionService#_doActivateExtension vscode.emmet {"startup":true,"extensionId":{"value":"vscode.emmet","_lower":"vscode.emmet"},"activationEvent":"*"}
[2019-11-26 11:22:33.282] [exthost] [info] ExtensionService#loadCommonJSModule file:///usr/lib/code/extensions/emmet/dist/extension
[2019-11-26 11:22:33.288] [exthost] [info] ExtensionService#_doActivateExtension vscode.git {"startup":true,"extensionId":{"value":"vscode.git","_lower":"vscode.git"},"activationEvent":"*"}
[2019-11-26 11:22:33.288] [exthost] [info] ExtensionService#loadCommonJSModule file:///usr/lib/code/extensions/git/dist/main
[2019-11-26 11:22:33.297] [exthost] [info] ExtensionService#_doActivateExtension vscode.merge-conflict {"startup":true,"extensionId":{"value":"vscode.merge-conflict","_lower":"vscode.merge-conflict"},"activationEvent":"*"}
[2019-11-26 11:22:33.297] [exthost] [info] ExtensionService#loadCommonJSModule file:///usr/lib/code/extensions/merge-conflict/dist/extension
[2019-11-26 11:22:33.298] [exthost] [info] ExtensionService#_doActivateExtension icrawl.discord-vscode {"startup":true,"extensionId":{"value":"icrawl.discord-vscode","_lower":"icrawl.discord-vscode"},"activationEvent":"*"}
[2019-11-26 11:22:33.298] [exthost] [info] ExtensionService#loadCommonJSModule file:///home/star/.vscode-oss/extensions/icrawl.discord-vscode-3.13.0/dist/extension
[2019-11-26 11:22:33.302] [exthost] [info] ExtensionService#_doActivateExtension KnisterPeter.vscode-github {"startup":true,"extensionId":{"value":"KnisterPeter.vscode-github","_lower":"knisterpeter.vscode-github"},"activationEvent":"*"}
[2019-11-26 11:22:33.302] [exthost] [info] ExtensionService#loadCommonJSModule file:///home/star/.vscode-oss/extensions/knisterpeter.vscode-github-0.30.3/out/src/main
[2019-11-26 11:22:33.421] [exthost] [info] eager extensions activated
