[2019-11-23 13:55:40.241] [exthost] [info] extension host started
[2019-11-23 13:55:40.259] [exthost] [info] ExtensionService#_doActivateExtension vscode.debug-auto-launch {"startup":true,"extensionId":{"value":"vscode.debug-auto-launch","_lower":"vscode.debug-auto-launch"},"activationEvent":"*"}
[2019-11-23 13:55:40.260] [exthost] [info] ExtensionService#loadCommonJSModule file:///usr/lib/code/extensions/debug-auto-launch/dist/extension
[2019-11-23 13:55:40.264] [exthost] [info] ExtensionService#_doActivateExtension vscode.emmet {"startup":true,"extensionId":{"value":"vscode.emmet","_lower":"vscode.emmet"},"activationEvent":"*"}
[2019-11-23 13:55:40.264] [exthost] [info] ExtensionService#loadCommonJSModule file:///usr/lib/code/extensions/emmet/dist/extension
[2019-11-23 13:55:40.275] [exthost] [info] ExtensionService#_doActivateExtension vscode.git {"startup":true,"extensionId":{"value":"vscode.git","_lower":"vscode.git"},"activationEvent":"*"}
[2019-11-23 13:55:40.275] [exthost] [info] ExtensionService#loadCommonJSModule file:///usr/lib/code/extensions/git/dist/main
[2019-11-23 13:55:40.289] [exthost] [info] ExtensionService#_doActivateExtension vscode.merge-conflict {"startup":true,"extensionId":{"value":"vscode.merge-conflict","_lower":"vscode.merge-conflict"},"activationEvent":"*"}
[2019-11-23 13:55:40.289] [exthost] [info] ExtensionService#loadCommonJSModule file:///usr/lib/code/extensions/merge-conflict/dist/extension
[2019-11-23 13:55:40.291] [exthost] [info] ExtensionService#_doActivateExtension icrawl.discord-vscode {"startup":true,"extensionId":{"value":"icrawl.discord-vscode","_lower":"icrawl.discord-vscode"},"activationEvent":"*"}
[2019-11-23 13:55:40.291] [exthost] [info] ExtensionService#loadCommonJSModule file:///home/star/.vscode-oss/extensions/icrawl.discord-vscode-3.13.0/dist/extension
[2019-11-23 13:55:40.300] [exthost] [info] ExtensionService#_doActivateExtension KnisterPeter.vscode-github {"startup":true,"extensionId":{"value":"KnisterPeter.vscode-github","_lower":"knisterpeter.vscode-github"},"activationEvent":"*"}
[2019-11-23 13:55:40.300] [exthost] [info] ExtensionService#loadCommonJSModule file:///home/star/.vscode-oss/extensions/knisterpeter.vscode-github-0.30.3/out/src/main
[2019-11-23 13:55:40.486] [exthost] [info] ExtensionService#_doActivateExtension ms-vscode.cpptools {"startup":true,"extensionId":{"value":"ms-vscode.cpptools","_lower":"ms-vscode.cpptools"},"activationEvent":"*"}
[2019-11-23 13:55:40.486] [exthost] [info] ExtensionService#loadCommonJSModule file:///home/star/.vscode-oss/extensions/ms-vscode.cpptools-0.26.2-insiders2/dist/main
[2019-11-23 13:55:40.532] [exthost] [info] eager extensions activated
[2019-11-23 13:56:12.060] [exthost] [info] extension host started
[2019-11-23 13:56:12.082] [exthost] [info] ExtensionService#_doActivateExtension vscode.debug-auto-launch {"startup":true,"extensionId":{"value":"vscode.debug-auto-launch","_lower":"vscode.debug-auto-launch"},"activationEvent":"*"}
[2019-11-23 13:56:12.082] [exthost] [info] ExtensionService#loadCommonJSModule file:///usr/lib/code/extensions/debug-auto-launch/dist/extension
[2019-11-23 13:56:12.084] [exthost] [info] ExtensionService#_doActivateExtension vscode.emmet {"startup":true,"extensionId":{"value":"vscode.emmet","_lower":"vscode.emmet"},"activationEvent":"*"}
[2019-11-23 13:56:12.085] [exthost] [info] ExtensionService#loadCommonJSModule file:///usr/lib/code/extensions/emmet/dist/extension
[2019-11-23 13:56:12.091] [exthost] [info] ExtensionService#_doActivateExtension vscode.git {"startup":true,"extensionId":{"value":"vscode.git","_lower":"vscode.git"},"activationEvent":"*"}
[2019-11-23 13:56:12.091] [exthost] [info] ExtensionService#loadCommonJSModule file:///usr/lib/code/extensions/git/dist/main
[2019-11-23 13:56:12.104] [exthost] [info] ExtensionService#_doActivateExtension vscode.merge-conflict {"startup":true,"extensionId":{"value":"vscode.merge-conflict","_lower":"vscode.merge-conflict"},"activationEvent":"*"}
[2019-11-23 13:56:12.104] [exthost] [info] ExtensionService#loadCommonJSModule file:///usr/lib/code/extensions/merge-conflict/dist/extension
[2019-11-23 13:56:12.105] [exthost] [info] ExtensionService#_doActivateExtension icrawl.discord-vscode {"startup":true,"extensionId":{"value":"icrawl.discord-vscode","_lower":"icrawl.discord-vscode"},"activationEvent":"*"}
[2019-11-23 13:56:12.105] [exthost] [info] ExtensionService#loadCommonJSModule file:///home/star/.vscode-oss/extensions/icrawl.discord-vscode-3.13.0/dist/extension
[2019-11-23 13:56:12.109] [exthost] [info] ExtensionService#_doActivateExtension KnisterPeter.vscode-github {"startup":true,"extensionId":{"value":"KnisterPeter.vscode-github","_lower":"knisterpeter.vscode-github"},"activationEvent":"*"}
[2019-11-23 13:56:12.109] [exthost] [info] ExtensionService#loadCommonJSModule file:///home/star/.vscode-oss/extensions/knisterpeter.vscode-github-0.30.3/out/src/main
[2019-11-23 13:56:12.244] [exthost] [info] eager extensions activated
[2019-11-23 13:56:18.486] [exthost] [info] ExtensionService#_doActivateExtension vscode.python {"startup":false,"extensionId":{"value":"vscode.python","_lower":"vscode.python"},"activationEvent":"onLanguage:python"}
[2019-11-23 13:56:18.486] [exthost] [info] ExtensionService#loadCommonJSModule file:///usr/lib/code/extensions/python/dist/pythonMain
[2019-11-23 13:56:18.491] [exthost] [info] ExtensionService#_doActivateExtension ms-python.python {"startup":false,"extensionId":{"value":"ms-python.python","_lower":"ms-python.python"},"activationEvent":"onLanguage:python"}
[2019-11-23 13:56:18.491] [exthost] [info] ExtensionService#loadCommonJSModule file:///home/star/.vscode-oss/extensions/ms-python.python-2019.11.50794/out/client/extension
[2019-11-23 14:35:21.284] [exthost] [info] ExtensionService#_doActivateExtension formulahendry.code-runner {"startup":false,"extensionId":{"value":"formulahendry.code-runner","_lower":"formulahendry.code-runner"},"activationEvent":"onCommand:code-runner.run"}
[2019-11-23 14:35:21.285] [exthost] [info] ExtensionService#loadCommonJSModule file:///home/star/.vscode-oss/extensions/formulahendry.code-runner-0.9.15/out/src/extension
