Setting breakpad minidump AppID = 367450
Steam_SetMinidumpSteamID:  Caching Steam ID:  76561198133618061 [API loaded no]
ERROR: ld.so: object '/home/star/.local/share/Steam/ubuntu12_32/gameoverlayrenderer.so' from LD_PRELOAD cannot be preloaded (wrong ELF class: ELFCLASS32): ignored.
ERROR: ld.so: object '/home/star/.local/share/Steam/ubuntu12_32/gameoverlayrenderer.so' from LD_PRELOAD cannot be preloaded (wrong ELF class: ELFCLASS32): ignored.
EXT_import_context GLX_SGIX_fbconfig GLX_SGIX_pbuffer GLX_SGI_video_sync GLX_SGI_swap_control GLX_EXT_swap_control GLX_EXT_swap_control_tear GLX_EXT_texture_from_pixmap GLX_EXT_buffer_age GLX_ARB_create_context GLX_ARB_create_context_profile GLX_EXT_create_context_es_profile GLX_EXT_create_context_es2_profile GLX_ARB_create_context_no_error GLX_ARB_create_context_robustness GLX_NV_delay_before_swap GLX_EXT_stereo_tree GLX_ARB_context_flush_control GLX_NV_robustness_video_memory_purge GLX_ARB_multisample GLX_NV_float_buffer GLX_ARB_fbconfig_float GLX_EXT_framebuffer_sRGB GLX_NV_copy_image GLX_ARB_get_proc_address 
Setting maxVSyncInterval to 4
Renderer: GeForce GTX 970/PCIe/SSE2
Vendor:   NVIDIA Corporation
Version:  4.5.0 NVIDIA 435.21
GLES:     0
 GL_AMD_multi_draw_indirect GL_AMD_seamless_cubemap_per_texture GL_AMD_vertex_shader_viewport_index GL_AMD_vertex_shader_layer GL_ARB_arrays_of_arrays GL_ARB_base_instance GL_ARB_bindless_texture GL_ARB_blend_func_extended GL_ARB_buffer_storage GL_ARB_clear_buffer_object GL_ARB_clear_texture GL_ARB_clip_control GL_ARB_color_buffer_float GL_ARB_compressed_texture_pixel_storage GL_ARB_conservative_depth GL_ARB_compute_shader GL_ARB_compute_variable_group_size GL_ARB_conditional_render_inverted GL_ARB_copy_buffer GL_ARB_copy_image GL_ARB_cull_distance GL_ARB_debug_output GL_ARB_depth_buffer_float GL_ARB_depth_clamp GL_ARB_depth_texture GL_ARB_derivative_control GL_ARB_direct_state_access GL_ARB_draw_buffers GL_ARB_draw_buffers_blend GL_ARB_draw_indirect GL_ARB_draw_elements_base_vertex GL_ARB_draw_instanced GL_ARB_enhanced_layouts GL_ARB_ES2_compatibility GL_ARB_ES3_compatibility GL_ARB_ES3_1_compatibility GL_ARB_ES3_2_compatibility GL_ARB_explicit_attrib_location GL_ARB_explicit_uniform_location GL_ARB_fragmen
t_coord_conventions GL_ARB_fragment_layer_viewport GL_ARB_fragment_program GL_ARB_fragment_program_shadow GL_ARB_fragment_shader GL_ARB_fragment_shader_interlock GL_ARB_framebuffer_no_attachments GL_ARB_framebuffer_object GL_ARB_framebuffer_sRGB GL_ARB_geometry_shader4 GL_ARB_get_program_binary GL_ARB_get_texture_sub_image GL_ARB_gl_spirv GL_ARB_gpu_shader5 GL_ARB_gpu_shader_fp64 GL_ARB_gpu_shader_int64 GL_ARB_half_float_pixel GL_ARB_half_float_vertex GL_ARB_imaging GL_ARB_indirect_parameters GL_ARB_instanced_arrays GL_ARB_internalformat_query GL_ARB_internalformat_query2 GL_ARB_invalidate_subdata GL_ARB_map_buffer_alignment GL_ARB_map_buffer_range GL_ARB_multi_bind GL_ARB_multi_draw_indirect GL_ARB_multisample GL_ARB_multitexture GL_ARB_occlusion_query GL_ARB_occlusion_query2 GL_ARB_parallel_shader_compile GL_ARB_pipeline_statistics_query GL_ARB_pixel_buffer_object GL_ARB_point_parameters GL_ARB_point_sprite GL_ARB_polygon_offset_clamp GL_ARB_post_depth_coverage GL_ARB_program_interface_query GL_ARB_provoki
ng_vertex GL_ARB_query_buffer_object GL_ARB_robust_buffer_access_behavior GL_ARB_robustness GL_ARB_sample_locations GL_ARB_sample_shading GL_ARB_sampler_objects GL_ARB_seamless_cube_map GL_ARB_seamless_cubemap_per_texture GL_ARB_separate_shader_objects GL_ARB_shader_atomic_counter_ops GL_ARB_shader_atomic_counters GL_ARB_shader_ballot GL_ARB_shader_bit_encoding GL_ARB_shader_clock GL_ARB_shader_draw_parameters GL_ARB_shader_group_vote GL_ARB_shader_image_load_store GL_ARB_shader_image_size GL_ARB_shader_objects GL_ARB_shader_precision GL_ARB_shader_storage_buffer_object GL_ARB_shader_subroutine GL_ARB_shader_texture_image_samples GL_ARB_shader_texture_lod GL_ARB_shading_language_100 GL_ARB_shader_viewport_layer_array GL_ARB_shading_language_420pack GL_ARB_shading_language_include GL_ARB_shading_language_packing GL_ARB_shadow GL_ARB_sparse_buffer GL_ARB_sparse_texture GL_ARB_sparse_texture2 GL_ARB_sparse_texture_clamp GL_ARB_spirv_extensions GL_ARB_stencil_texturing GL_ARB_sync GL_ARB_tessellation_shader GL_A
RB_texture_barrier GL_ARB_texture_border_clamp GL_ARB_texture_buffer_object GL_ARB_texture_buffer_object_rgb32 GL_ARB_texture_buffer_range GL_ARB_texture_compression GL_ARB_texture_compression_bptc GL_ARB_texture_compression_rgtc GL_ARB_texture_cube_map GL_ARB_texture_cube_map_array GL_ARB_texture_env_add GL_ARB_texture_env_combine GL_ARB_texture_env_crossbar GL_ARB_texture_env_dot3 GL_ARB_texture_filter_anisotropic GL_ARB_texture_filter_minmax GL_ARB_texture_float GL_ARB_texture_gather GL_ARB_texture_mirror_clamp_to_edge GL_ARB_texture_mirrored_repeat GL_ARB_texture_multisample GL_ARB_texture_non_power_of_two GL_ARB_texture_query_levels GL_ARB_texture_query_lod GL_ARB_texture_rectangle GL_ARB_texture_rg GL_ARB_texture_rgb10_a2ui GL_ARB_texture_stencil8 GL_ARB_texture_storage GL_ARB_texture_storage_multisample GL_ARB_texture_swizzle GL_ARB_texture_view GL_ARB_timer_query GL_ARB_transform_feedback2 GL_ARB_transform_feedback3 GL_ARB_transform_feedback_instanced GL_ARB_transform_feedback_overflow_query GL_ARB_t
ranspose_matrix GL_ARB_uniform_buffer_object GL_ARB_vertex_array_bgra GL_ARB_vertex_array_object GL_ARB_vertex_attrib_64bit GL_ARB_vertex_attrib_binding GL_ARB_vertex_buffer_object GL_ARB_vertex_program GL_ARB_vertex_shader GL_ARB_vertex_type_10f_11f_11f_rev GL_ARB_vertex_type_2_10_10_10_rev GL_ARB_viewport_array GL_ARB_window_pos GL_ATI_draw_buffers GL_ATI_texture_float GL_ATI_texture_mirror_once GL_S3_s3tc GL_EXT_texture_env_add GL_EXT_abgr GL_EXT_bgra GL_EXT_bindable_uniform GL_EXT_blend_color GL_EXT_blend_equation_separate GL_EXT_blend_func_separate GL_EXT_blend_minmax GL_EXT_blend_subtract GL_EXT_compiled_vertex_array GL_EXT_Cg_shader GL_EXT_depth_bounds_test GL_EXT_direct_state_access GL_EXT_draw_buffers2 GL_EXT_draw_instanced GL_EXT_draw_range_elements GL_EXT_fog_coord GL_EXT_framebuffer_blit GL_EXT_framebuffer_multisample GL_EXTX_framebuffer_mixed_formats GL_EXT_framebuffer_multisample_blit_scaled GL_EXT_framebuffer_object GL_EXT_framebuffer_sRGB GL_EXT_geometry_shader4 GL_EXT_gpu_program_parameters 
GL_EXT_gpu_shader4 GL_EXT_multi_draw_arrays GL_EXT_multiview_texture_multisample GL_EXT_multiview_timer_query GL_EXT_packed_depth_stencil GL_EXT_packed_float GL_EXT_packed_pixels GL_EXT_pixel_buffer_object GL_EXT_point_parameters GL_EXT_polygon_offset_clamp GL_EXT_post_depth_coverage GL_EXT_provoking_vertex GL_EXT_raster_multisample GL_EXT_rescale_normal GL_EXT_secondary_color GL_EXT_separate_shader_objects GL_EXT_separate_specular_color GL_EXT_shader_image_load_formatted GL_EXT_shader_image_load_store GL_EXT_shader_integer_mix GL_EXT_shadow_funcs GL_EXT_sparse_texture2 GL_EXT_stencil_two_side GL_EXT_stencil_wrap GL_EXT_texture3D GL_EXT_texture_array GL_EXT_texture_buffer_object GL_EXT_texture_compression_dxt1 GL_EXT_texture_compression_latc GL_EXT_texture_compression_rgtc GL_EXT_texture_compression_s3tc GL_EXT_texture_cube_map GL_EXT_texture_edge_clamp GL_EXT_texture_env_combine GL_EXT_texture_env_dot3 GL_EXT_texture_filter_anisotropic GL_EXT_texture_filter_minmax GL_EXT_texture_integer GL_EXT_texture_lod G
L_EXT_texture_lod_bias GL_EXT_texture_mirror_clamp GL_EXT_texture_object GL_EXT_texture_shared_exponent GL_EXT_texture_sRGB GL_EXT_texture_sRGB_R8 GL_EXT_texture_sRGB_decode GL_EXT_texture_storage GL_EXT_texture_swizzle GL_EXT_timer_query GL_EXT_transform_feedback2 GL_EXT_vertex_array GL_EXT_vertex_array_bgra GL_EXT_vertex_attrib_64bit GL_EXT_window_rectangles GL_EXT_x11_sync_object GL_EXT_import_sync_object GL_NV_robustness_video_memory_purge GL_IBM_rasterpos_clip GL_IBM_texture_mirrored_repeat GL_KHR_context_flush_control GL_KHR_debug GL_EXT_memory_object GL_EXT_memory_object_fd GL_KHR_parallel_shader_compile GL_KHR_no_error GL_KHR_robust_buffer_access_behavior GL_KHR_robustness GL_EXT_semaphore GL_EXT_semaphore_fd GL_KHR_shader_subgroup GL_KTX_buffer_region GL_NV_alpha_to_coverage_dither_control GL_NV_bindless_multi_draw_indirect GL_NV_bindless_multi_draw_indirect_count GL_NV_bindless_texture GL_NV_blend_equation_advanced GL_NV_blend_equation_advanced_coherent GL_NV_blend_minmax_factor GL_NV_blend_square 
GL_NV_command_list GL_NV_compute_program5 GL_NV_conditional_render GL_NV_conservative_raster GL_NV_conservative_raster_dilate GL_NV_copy_depth_to_color GL_NV_copy_image GL_NV_depth_buffer_float GL_NV_depth_clamp GL_NV_draw_texture GL_NV_draw_vulkan_image GL_NV_ES1_1_compatibility GL_NV_ES3_1_compatibility GL_NV_explicit_multisample GL_NV_feature_query GL_NV_fence GL_NV_fill_rectangle GL_NV_float_buffer GL_NV_fog_distance GL_NV_fragment_coverage_to_color GL_NV_fragment_program GL_NV_fragment_program_option GL_NV_fragment_program2 GL_NV_fragment_shader_interlock GL_NV_framebuffer_mixed_samples GL_NV_framebuffer_multisample_coverage GL_NV_geometry_shader4 GL_NV_geometry_shader_passthrough GL_NV_gpu_program4 GL_NV_internalformat_sample_query GL_NV_gpu_program4_1 GL_NV_gpu_program5 GL_NV_gpu_program5_mem_extended GL_NV_gpu_program_fp64 GL_NV_gpu_shader5 GL_NV_half_float GL_NV_light_max_exponent GL_NV_memory_attachment GL_NV_multisample_coverage GL_NV_multisample_filter_hint GL_NV_occlusion_query GL_NV_packed_dept
h_stencil GL_NV_parameter_buffer_object GL_NV_parameter_buffer_object2 GL_NV_path_rendering GL_NV_path_rendering_shared_edge GL_NV_pixel_data_range GL_NV_point_sprite GL_NV_primitive_restart GL_NV_query_resource GL_NV_query_resource_tag GL_NV_register_combiners GL_NV_register_combiners2 GL_NV_sample_locations GL_NV_sample_mask_override_coverage GL_NV_shader_atomic_counters GL_NV_shader_atomic_float GL_NV_shader_atomic_fp16_vector GL_NV_shader_atomic_int64 GL_NV_shader_buffer_load GL_NV_shader_storage_buffer_object GL_NV_shader_subgroup_partitioned GL_NV_texgen_reflection GL_NV_texture_barrier GL_NV_texture_compression_vtc GL_NV_texture_env_combine4 GL_NV_texture_multisample GL_NV_texture_rectangle GL_NV_texture_rectangle_compressed GL_NV_texture_shader GL_NV_texture_shader2 GL_NV_texture_shader3 GL_NV_transform_feedback GL_NV_transform_feedback2 GL_NV_uniform_buffer_unified_memory GL_NV_vdpau_interop GL_NV_vdpau_interop2 GL_NV_vertex_array_range GL_NV_vertex_array_range2 GL_NV_vertex_attrib_integer_64bit GL_
NV_vertex_buffer_unified_memory GL_NV_vertex_program GL_NV_vertex_program1_1 GL_NV_vertex_program2 GL_NV_vertex_program2_option GL_NV_vertex_program3 GL_NV_viewport_array2 GL_NV_viewport_swizzle GL_NVX_conditional_render GL_NV_gpu_multicast GL_NVX_progress_fence GL_NVX_gpu_memory_info GL_NVX_nvenc_interop GL_NV_shader_thread_group GL_NV_shader_thread_shuffle GL_KHR_blend_equation_advanced GL_KHR_blend_equation_advanced_coherent GL_OVR_multiview GL_OVR_multiview2 GL_SGIS_generate_mipmap GL_SGIS_texture_lod GL_SGIX_depth_texture GL_SGIX_shadow GL_SUN_slice_accum
OPENGL LOG: Creating OpenGL 4.5 graphics device
AudioManager: Using PulseAudio: Default Output Device
Begin MonoManager ReloadAssembly
Platform assembly: /home/star/.local/share/Steam/steamapps/common/Poly Bridge/polybridge_Data/Managed/UnityEngine.dll (this message is harmless)
Loading /home/star/.local/share/Steam/steamapps/common/Poly Bridge/polybridge_Data/Managed/UnityEngine.dll into Unity Child Domain
Platform assembly: /home/star/.local/share/Steam/steamapps/common/Poly Bridge/polybridge_Data/Managed/Assembly-CSharp-firstpass.dll (this message is harmless)
Loading /home/star/.local/share/Steam/steamapps/common/Poly Bridge/polybridge_Data/Managed/Assembly-CSharp-firstpass.dll into Unity Child Domain
Platform assembly: /home/star/.local/share/Steam/steamapps/common/Poly Bridge/polybridge_Data/Managed/Assembly-CSharp.dll (this message is harmless)
Loading /home/star/.local/share/Steam/steamapps/common/Poly Bridge/polybridge_Data/Managed/Assembly-CSharp.dll into Unity Child Domain
Platform assembly: /home/star/.local/share/Steam/steamapps/common/Poly Bridge/polybridge_Data/Managed/Assembly-UnityScript-firstpass.dll (this message is harmless)
Loading /home/star/.local/share/Steam/steamapps/common/Poly Bridge/polybridge_Data/Managed/Assembly-UnityScript-firstpass.dll into Unity Child Domain
Platform assembly: /home/star/.local/share/Steam/steamapps/common/Poly Bridge/polybridge_Data/Managed/UnityEngine.UI.dll (this message is harmless)
Loading /home/star/.local/share/Steam/steamapps/common/Poly Bridge/polybridge_Data/Managed/UnityEngine.UI.dll into Unity Child Domain
Platform assembly: /home/star/.local/share/Steam/steamapps/common/Poly Bridge/polybridge_Data/Managed/UnityEngine.Networking.dll (this message is harmless)
Loading /home/star/.local/share/Steam/steamapps/common/Poly Bridge/polybridge_Data/Managed/UnityEngine.Networking.dll into Unity Child Domain
Platform assembly: /home/star/.local/share/Steam/steamapps/common/Poly Bridge/polybridge_Data/Managed/Gif2Textures.dll (this message is harmless)
Loading /home/star/.local/share/Steam/steamapps/common/Poly Bridge/polybridge_Data/Managed/Gif2Textures.dll into Unity Child Domain
Platform assembly: /home/star/.local/share/Steam/steamapps/common/Poly Bridge/polybridge_Data/Managed/ArabicSupport.dll (this message is harmless)
Loading /home/star/.local/share/Steam/steamapps/common/Poly Bridge/polybridge_Data/Managed/ArabicSupport.dll into Unity Child Domain
Platform assembly: /home/star/.local/share/Steam/steamapps/common/Poly Bridge/polybridge_Data/Managed/SampleClassLibrary.dll (this message is harmless)
Loading /home/star/.local/share/Steam/steamapps/common/Poly Bridge/polybridge_Data/Managed/SampleClassLibrary.dll into Unity Child Domain
Platform assembly: /home/star/.local/share/Steam/steamapps/common/Poly Bridge/polybridge_Data/Managed/Poly2Tri.dll (this message is harmless)
Loading /home/star/.local/share/Steam/steamapps/common/Poly Bridge/polybridge_Data/Managed/Poly2Tri.dll into Unity Child Domain
Platform assembly: /home/star/.local/share/Steam/steamapps/common/Poly Bridge/polybridge_Data/Managed/websocket-sharp.dll (this message is harmless)
Loading /home/star/.local/share/Steam/steamapps/common/Poly Bridge/polybridge_Data/Managed/websocket-sharp.dll into Unity Child Domain
Platform assembly: /home/star/.local/share/Steam/steamapps/common/Poly Bridge/polybridge_Data/Managed/DOTween.dll (this message is harmless)
Loading /home/star/.local/share/Steam/steamapps/common/Poly Bridge/polybridge_Data/Managed/DOTween.dll into Unity Child Domain
Platform assembly: /home/star/.local/share/Steam/steamapps/common/Poly Bridge/polybridge_Data/Managed/DOTween43.dll (this message is harmless)
Loading /home/star/.local/share/Steam/steamapps/common/Poly Bridge/polybridge_Data/Managed/DOTween43.dll into Unity Child Domain
Platform assembly: /home/star/.local/share/Steam/steamapps/common/Poly Bridge/polybridge_Data/Managed/DOTween46.dll (this message is harmless)
Loading /home/star/.local/share/Steam/steamapps/common/Poly Bridge/polybridge_Data/Managed/DOTween46.dll into Unity Child Domain
Platform assembly: /home/star/.local/share/Steam/steamapps/common/Poly Bridge/polybridge_Data/Managed/UnityEngine.CrashLog.dll (this message is harmless)
Loading /home/star/.local/share/Steam/steamapps/common/Poly Bridge/polybridge_Data/Managed/UnityEngine.CrashLog.dll into Unity Child Domain
Platform assembly: /home/star/.local/share/Steam/steamapps/common/Poly Bridge/polybridge_Data/Managed/Vectrosity.dll (this message is harmless)
Loading /home/star/.local/share/Steam/steamapps/common/Poly Bridge/polybridge_Data/Managed/Vectrosity.dll into Unity Child Domain
- Completed reload, in  0.038 seconds
Platform assembly: /home/star/.local/share/Steam/steamapps/common/Poly Bridge/polybridge_Data/Managed/System.Core.dll (this message is harmless)
Platform assembly: /home/star/.local/share/Steam/steamapps/common/Poly Bridge/polybridge_Data/Managed/System.dll (this message is harmless)
Default vsync count 1
requesting resize 1920 x 1080
Using native desktop resolution 5760 x 1080

Selecting FBConfig
GLX_FBCONFIG_ID=211
GLX_BUFFER_SIZE=32
GLX_DOUBLEBUFFER=1
GLX_RED_SIZE=8
GLX_GREEN_SIZE=8
GLX_BLUE_SIZE=8
GLX_ALPHA_SIZE=8
GLX_DEPTH_SIZE=24
GLX_STENCIL_SIZE=8
GLX_SAMPLES_ARB=4
GLX_SAMPLE_BUFFERS_ARB=1
GLX_STEREO=0
GLX_CONFIG_CAVEAT=NONE

requesting fullscreen 5760 x 1080 at 0 Hz
Desktop is 5760 x 1080 @ 60 Hz
Using libudev for joystick management


Importing game controller configs
UnloadTime: 1.029000 ms
Changing real window size to 932 x 1020
Changing real window size to 932 x 1020
Changing real window size to 612 x 1020
Changing real window size to 612 x 1020
Changing real window size to 624 x 1020
Changing real window size to 624 x 1020
Changing real window size to 1920 x 1080
Changing real window size to 1920 x 1080
Changing real window size to 1920 x 1080
Setting up 4 worker threads for Enlighten.
  Thread -> id: 7f169cff9700 -> priority: 1 
  Thread -> id: 7f167ffff700 -> priority: 1 
  Thread -> id: 7f167f7fe700 -> priority: 1 
  Thread -> id: 7f167effd700 -> priority: 1 
Unloading 6 Unused Serialized files (Serialized files now loaded: 0)
UnloadTime: 5.809000 ms
VRAM: 1024
 
(Filename: /home/builduser/buildslave/unity/build/artifacts/generated/common/runtime/UnityEngineDebugBindings.gen.cpp Line: 37)

Displays count: 3
 
(Filename: /home/builduser/buildslave/unity/build/artifacts/generated/common/runtime/UnityEngineDebugBindings.gen.cpp Line: 37)

Loading up build 1.0.5
 
(Filename: /home/builduser/buildslave/unity/build/artifacts/generated/common/runtime/UnityEngineDebugBindings.gen.cpp Line: 37)

Command line arg: /home/star/.local/share/Steam/steamapps/common/Poly Bridge/polybridge.x86_64
 
(Filename: /home/builduser/buildslave/unity/build/artifacts/generated/common/runtime/UnityEngineDebugBindings.gen.cpp Line: 37)

awake levelmanager
 
(Filename: /home/builduser/buildslave/unity/build/artifacts/generated/common/runtime/UnityEngineDebugBindings.gen.cpp Line: 37)


Unloading 7 unused Assets to reduce memory usage. Loaded Objects now: 9631.
Total: 17.993999 ms (FindLiveObjects: 0.485000 ms CreateObjectMapping: 0.346000 ms MarkObjects: 17.070999 ms  DeleteObjects: 0.092000 ms)

Unloading 1 Unused Serialized files (Serialized files now loaded: 0)

Unloading 0 unused Assets to reduce memory usage. Loaded Objects now: 9631.
Total: 17.370001 ms (FindLiveObjects: 0.528000 ms CreateObjectMapping: 0.186000 ms MarkObjects: 16.642000 ms  DeleteObjects: 0.014000 ms)

Start progress manager
 
(Filename: /home/builduser/buildslave/unity/build/artifacts/generated/common/runtime/UnityEngineDebugBindings.gen.cpp Line: 37)

Platform assembly: /home/star/.local/share/Steam/steamapps/common/Poly Bridge/polybridge_Data/Managed/System.Xml.dll (this message is harmless)
Creating progress container from file: UserProgressContainer
 
(Filename: /home/builduser/buildslave/unity/build/artifacts/generated/common/runtime/UnityEngineDebugBindings.gen.cpp Line: 37)

Checking for legacy save files to upgrade
 
(Filename: /home/builduser/buildslave/unity/build/artifacts/generated/common/runtime/UnityEngineDebugBindings.gen.cpp Line: 37)

loading cached stats
 
(Filename: /home/builduser/buildslave/unity/build/artifacts/generated/common/runtime/UnityEngineDebugBindings.gen.cpp Line: 37)

1920 : 1080 : True
 
(Filename: /home/builduser/buildslave/unity/build/artifacts/generated/common/runtime/UnityEngineDebugBindings.gen.cpp Line: 37)

requestig stats
 
(Filename: /home/builduser/buildslave/unity/build/artifacts/generated/common/runtime/UnityEngineDebugBindings.gen.cpp Line: 37)

loading mainmenu
 
(Filename: /home/builduser/buildslave/unity/build/artifacts/generated/common/runtime/UnityEngineDebugBindings.gen.cpp Line: 37)

Unloading 5 Unused Serialized files (Serialized files now loaded: 0)
UnloadTime: 2.476000 ms
Awake World
 
(Filename: /home/builduser/buildslave/unity/build/artifacts/generated/common/runtime/UnityEngineDebugBindings.gen.cpp Line: 37)

Instancing singleton LevelLoaderContainer
 
(Filename: /home/builduser/buildslave/unity/build/artifacts/generated/common/runtime/UnityEngineDebugBindings.gen.cpp Line: 37)


Unloading 1 unused Assets to reduce memory usage. Loaded Objects now: 16854.
Total: 28.167000 ms (FindLiveObjects: 0.896000 ms CreateObjectMapping: 0.233000 ms MarkObjects: 27.018000 ms  DeleteObjects: 0.018000 ms)

Start World
 
(Filename: /home/builduser/buildslave/unity/build/artifacts/generated/common/runtime/UnityEngineDebugBindings.gen.cpp Line: 37)

Loading solution from Solutions/Intro_001_solution
 
(Filename: /home/builduser/buildslave/unity/build/artifacts/generated/common/runtime/UnityEngineDebugBindings.gen.cpp Line: 37)

Preload finished
 
(Filename: /home/builduser/buildslave/unity/build/artifacts/generated/common/runtime/UnityEngineDebugBindings.gen.cpp Line: 37)

InvalidOperationException: Process has exited, so the requested information is not available.
  at System.Diagnostics.Process.get_ProcessName () [0x00000] in <filename unknown>:0 
  at (wrapper remoting-invoke-with-check) System.Diagnostics.Process:get_ProcessName ()
  at WorldBehaviourScript.Start () [0x00000] in <filename unknown>:0 
 
(Filename:  Line: -1)

Received stats and achievements from Steam

 
(Filename: /home/builduser/buildslave/unity/build/artifacts/generated/common/runtime/UnityEngineDebugBindings.gen.cpp Line: 37)

Unloading 6 Unused Serialized files (Serialized files now loaded: 0)

Unloading 12 unused Assets to reduce memory usage. Loaded Objects now: 21195.
Total: 29.986000 ms (FindLiveObjects: 1.377000 ms CreateObjectMapping: 0.502000 ms MarkObjects: 28.046999 ms  DeleteObjects: 0.060000 ms)

Writing latest banlist from server
 
(Filename: /home/builduser/buildslave/unity/build/artifacts/generated/common/runtime/UnityEngineDebugBindings.gen.cpp Line: 37)

Unloading 6 Unused Serialized files (Serialized files now loaded: 0)
UnloadTime: 14.712000 ms

Unloading 192 unused Assets to reduce memory usage. Loaded Objects now: 14119.
Total: 22.795000 ms (FindLiveObjects: 0.985000 ms CreateObjectMapping: 0.250000 ms MarkObjects: 20.768000 ms  DeleteObjects: 0.792000 ms)

Unloading 0 Unused Serialized files (Serialized files now loaded: 0)

Unloading 0 unused Assets to reduce memory usage. Loaded Objects now: 14116.
Total: 21.969000 ms (FindLiveObjects: 0.958000 ms CreateObjectMapping: 0.256000 ms MarkObjects: 20.738001 ms  DeleteObjects: 0.017000 ms)

Unloading 5 Unused Serialized files (Serialized files now loaded: 0)
UnloadTime: 5.160000 ms
Awake World
 
(Filename: /home/builduser/buildslave/unity/build/artifacts/generated/common/runtime/UnityEngineDebugBindings.gen.cpp Line: 37)

Instancing singleton LevelLoaderContainer
 
(Filename: /home/builduser/buildslave/unity/build/artifacts/generated/common/runtime/UnityEngineDebugBindings.gen.cpp Line: 37)


Unloading 161 unused Assets to reduce memory usage. Loaded Objects now: 16866.
Total: 43.033997 ms (FindLiveObjects: 1.518000 ms CreateObjectMapping: 0.414000 ms MarkObjects: 39.957001 ms  DeleteObjects: 1.145000 ms)

Start World
 
(Filename: /home/builduser/buildslave/unity/build/artifacts/generated/common/runtime/UnityEngineDebugBindings.gen.cpp Line: 37)

Preload finished
 
(Filename: /home/builduser/buildslave/unity/build/artifacts/generated/common/runtime/UnityEngineDebugBindings.gen.cpp Line: 37)

InvalidOperationException: Process has exited, so the requested information is not available.
  at System.Diagnostics.Process.get_ProcessName () [0x00000] in <filename unknown>:0 
  at (wrapper remoting-invoke-with-check) System.Diagnostics.Process:get_ProcessName ()
  at WorldBehaviourScript.Start () [0x00000] in <filename unknown>:0 
 
(Filename:  Line: -1)

Unloading 5 Unused Serialized files (Serialized files now loaded: 0)

Unloading 80 unused Assets to reduce memory usage. Loaded Objects now: 18022.
Total: 43.524998 ms (FindLiveObjects: 1.602000 ms CreateObjectMapping: 0.398000 ms MarkObjects: 41.389000 ms  DeleteObjects: 0.136000 ms)

4.069705:4.06
 
(Filename: /home/builduser/buildslave/unity/build/artifacts/generated/common/runtime/UnityEngineDebugBindings.gen.cpp Line: 37)

2.061553:2.03
 
(Filename: /home/builduser/buildslave/unity/build/artifacts/generated/common/runtime/UnityEngineDebugBindings.gen.cpp Line: 37)

2.061553:2.03
 
(Filename: /home/builduser/buildslave/unity/build/artifacts/generated/common/runtime/UnityEngineDebugBindings.gen.cpp Line: 37)

StoreStats - success
 
(Filename: /home/builduser/buildslave/unity/build/artifacts/generated/common/runtime/UnityEngineDebugBindings.gen.cpp Line: 37)

2.061553:2.03
 
(Filename: /home/builduser/buildslave/unity/build/artifacts/generated/common/runtime/UnityEngineDebugBindings.gen.cpp Line: 37)

Easy_005
 
(Filename: /home/builduser/buildslave/unity/build/artifacts/generated/common/runtime/UnityEngineDebugBindings.gen.cpp Line: 37)

Attempting save to savefiles/Hard_001/BUDGET
 
(Filename: /home/builduser/buildslave/unity/build/artifacts/generated/common/runtime/UnityEngineDebugBindings.gen.cpp Line: 37)

FileWrite(savefiles/Hard_001/BUDGET, Data, 1544) - True
 
(Filename: /home/builduser/buildslave/unity/build/artifacts/generated/common/runtime/UnityEngineDebugBindings.gen.cpp Line: 37)

Preload finished
 
(Filename: /home/builduser/buildslave/unity/build/artifacts/generated/common/runtime/UnityEngineDebugBindings.gen.cpp Line: 37)

Loading time: 0.1849365
 
(Filename: /home/builduser/buildslave/unity/build/artifacts/generated/common/runtime/UnityEngineDebugBindings.gen.cpp Line: 37)

StoreStats - success
 
(Filename: /home/builduser/buildslave/unity/build/artifacts/generated/common/runtime/UnityEngineDebugBindings.gen.cpp Line: 37)

FileWrite(ldr/Hard_001, Data, 1544) - True
 
(Filename: /home/builduser/buildslave/unity/build/artifacts/generated/common/runtime/UnityEngineDebugBindings.gen.cpp Line: 37)

Attempting save to savefiles/Hard_001/AUTOSAVE
 
(Filename: /home/builduser/buildslave/unity/build/artifacts/generated/common/runtime/UnityEngineDebugBindings.gen.cpp Line: 37)

FileWrite(savefiles/Hard_001/AUTOSAVE, Data, 1544) - True
 
(Filename: /home/builduser/buildslave/unity/build/artifacts/generated/common/runtime/UnityEngineDebugBindings.gen.cpp Line: 37)

Destroy old
 
(Filename: /home/builduser/buildslave/unity/build/artifacts/generated/common/runtime/UnityEngineDebugBindings.gen.cpp Line: 37)

Attempting save to savefiles/Easy_005/AUTOSAVE
 
(Filename: /home/builduser/buildslave/unity/build/artifacts/generated/common/runtime/UnityEngineDebugBindings.gen.cpp Line: 37)

No parameters found when attempting save!
 
(Filename: /home/builduser/buildslave/unity/build/artifacts/generated/common/runtime/UnityEngineDebugBindings.gen.cpp Line: 37)

Unloading 6 Unused Serialized files (Serialized files now loaded: 0)
UnloadTime: 9.578000 ms

Unloading 667 unused Assets to reduce memory usage. Loaded Objects now: 14130.
Total: 25.493999 ms (FindLiveObjects: 1.382000 ms CreateObjectMapping: 0.411000 ms MarkObjects: 20.987000 ms  DeleteObjects: 2.713000 ms)

Unloading 0 Unused Serialized files (Serialized files now loaded: 0)

Unloading 0 unused Assets to reduce memory usage. Loaded Objects now: 14127.
Total: 12.840000 ms (FindLiveObjects: 0.765000 ms CreateObjectMapping: 0.159000 ms MarkObjects: 11.905000 ms  DeleteObjects: 0.011000 ms)

loading mainmenu
 
(Filename: /home/builduser/buildslave/unity/build/artifacts/generated/common/runtime/UnityEngineDebugBindings.gen.cpp Line: 37)

Unloading 5 Unused Serialized files (Serialized files now loaded: 0)
UnloadTime: 4.669000 ms
Awake World
 
(Filename: /home/builduser/buildslave/unity/build/artifacts/generated/common/runtime/UnityEngineDebugBindings.gen.cpp Line: 37)

Instancing singleton LevelLoaderContainer
 
(Filename: /home/builduser/buildslave/unity/build/artifacts/generated/common/runtime/UnityEngineDebugBindings.gen.cpp Line: 37)


Unloading 161 unused Assets to reduce memory usage. Loaded Objects now: 16877.
Total: 41.560001 ms (FindLiveObjects: 1.385000 ms CreateObjectMapping: 0.311000 ms MarkObjects: 38.824001 ms  DeleteObjects: 1.040000 ms)

Start World
 
(Filename: /home/builduser/buildslave/unity/build/artifacts/generated/common/runtime/UnityEngineDebugBindings.gen.cpp Line: 37)

Loading solution from Solutions/Intro_001_solution
 
(Filename: /home/builduser/buildslave/unity/build/artifacts/generated/common/runtime/UnityEngineDebugBindings.gen.cpp Line: 37)

Preload finished
 
(Filename: /home/builduser/buildslave/unity/build/artifacts/generated/common/runtime/UnityEngineDebugBindings.gen.cpp Line: 37)

InvalidOperationException: Process has exited, so the requested information is not available.
  at System.Diagnostics.Process.get_ProcessName () [0x00000] in <filename unknown>:0 
  at (wrapper remoting-invoke-with-check) System.Diagnostics.Process:get_ProcessName ()
  at WorldBehaviourScript.Start () [0x00000] in <filename unknown>:0 
 
(Filename:  Line: -1)

Unloading 6 Unused Serialized files (Serialized files now loaded: 0)

Unloading 12 unused Assets to reduce memory usage. Loaded Objects now: 21187.
Total: 50.653000 ms (FindLiveObjects: 1.512000 ms CreateObjectMapping: 0.465000 ms MarkObjects: 48.563000 ms  DeleteObjects: 0.112000 ms)

NullReferenceException
  at (wrapper managed-to-native) UnityEngine.GameObject:GetComponentFastPath (System.Type,intptr)
  at UnityEngine.GameObject.GetComponent[AudioSource] () [0x00000] in <filename unknown>:0 
  at MusicManager.TransitionToConstructionMode () [0x00000] in <filename unknown>:0 
  at MusicManager.WorldDestroyed () [0x00000] in <filename unknown>:0 
  at Messenger.Broadcast (System.String eventType) [0x00000] in <filename unknown>:0 
  at WorldBehaviourScript.OnDestroy () [0x00000] in <filename unknown>:0 
 
(Filename:  Line: -1)

